\BOOKMARK [0][]{chapter.1}{\376\377\0001\000\040\000W\000s\000t\001\031\000p}{}% 1
\BOOKMARK [1][]{section.1.1}{\376\377\0001\000.\0001\000\040\000I\000n\000t\000e\000g\000r\000a\000c\000j\000a\000\040\000d\000r\000z\000e\000w\000\040\000p\000r\000e\000f\000i\000k\000s\000o\000w\000y\000c\000h\000\040\000w\000\040\000p\000r\000z\000e\000t\000w\000a\000r\000z\000a\000n\000i\000u\000\040\000z\000b\000i\000o\000r\000\363\000w\000\040\000z\000a\000p\000y\000t\000a\001\104\000\040\000e\000k\000s\000p\000l\000o\000r\000a\000c\000y\000j\000n\000y\000c\000h\000\040\000a\000l\000g\000o\000r\000y\000t\000m\000e\000m\000\040\000A\000p\000r\000i\000o\000r\000i}{chapter.1}% 2
\BOOKMARK [1][]{section.1.2}{\376\377\0001\000.\0002\000\040\000C\000e\000l\000\040\000i\000\040\000z\000a\000k\000r\000e\000s\000\040\000p\000r\000a\000c\000y}{chapter.1}% 3
\BOOKMARK [1][]{section.1.3}{\376\377\0001\000.\0003\000\040\000O\000p\000i\000s\000\040\000i\000n\000f\000r\000a\000s\000t\000r\000u\000k\000t\000u\000r\000y}{chapter.1}% 4
\BOOKMARK [1][]{section.1.4}{\376\377\0001\000.\0004\000\040\000S\000t\000r\000u\000k\000t\000u\000r\000a\000\040\000p\000r\000a\000c\000y}{chapter.1}% 5
\BOOKMARK [0][]{chapter.2}{\376\377\0002\000\040\000P\000o\000d\000s\000t\000a\000w\000o\000w\000e\000\040\000p\000o\000j\001\031\000c\000i\000a\000\040\000i\000\040\000d\000e\000f\000i\000n\000i\000c\000j\000e}{}% 6
\BOOKMARK [1][]{section.2.1}{\376\377\0002\000.\0001\000\040\000W\000s\000t\001\031\000p}{chapter.2}% 7
\BOOKMARK [1][]{section.2.2}{\376\377\0002\000.\0002\000\040\000L\000i\000s\000t\000a\000\040\000p\000o\000j\001\031\001\007\000\040\000i\000\040\000d\000e\000f\000i\000n\000i\000c\000j\000i}{chapter.2}% 8
\BOOKMARK [2][]{subsection.2.2.1}{\376\377\0002\000.\0002\000.\0001\000\040\000T\000r\000a\000n\000s\000a\000k\000c\000j\000a\000\040\000i\000\040\000e\000l\000e\000m\000e\000n\000t\000\040\000t\000r\000a\000n\000s\000a\000k\000c\000j\000i}{section.2.2}% 9
\BOOKMARK [2][]{subsection.2.2.2}{\376\377\0002\000.\0002\000.\0002\000\040\000R\000e\000g\000u\001\102\000a\000\040\000a\000s\000o\000c\000j\000a\000c\000y\000j\000n\000a}{section.2.2}% 10
\BOOKMARK [2][]{subsection.2.2.3}{\376\377\0002\000.\0002\000.\0003\000\040\000W\000s\000p\000a\000r\000c\000i\000e\000\040\000t\000r\000a\000n\000s\000a\000k\000c\000j\000i}{section.2.2}% 11
\BOOKMARK [2][]{subsection.2.2.4}{\376\377\0002\000.\0002\000.\0004\000\040\000U\000f\000n\000o\001\133\001\007\000\040\000r\000e\000g\000u\001\102\000y\000\040\000a\000s\000o\000c\000j\000a\000c\000y\000j\000n\000e\000j}{section.2.2}% 12
\BOOKMARK [2][]{subsection.2.2.5}{\376\377\0002\000.\0002\000.\0005\000\040\000W\000s\000p\000a\000r\000c\000i\000e\000\040\000r\000e\000g\000u\001\102\000y\000\040\000a\000s\000o\000c\000j\000a\000c\000y\000j\000n\000e\000j}{section.2.2}% 13
\BOOKMARK [2][]{subsection.2.2.6}{\376\377\0002\000.\0002\000.\0006\000\040\000Z\000b\000i\000\363\000r\000\040\000c\000z\001\031\000s\000t\000y}{section.2.2}% 14
\BOOKMARK [0][]{chapter.3}{\376\377\0003\000\040\000P\000o\000d\001\102\000o\001\174\000e\000\040\000t\000e\000o\000r\000e\000t\000y\000c\000z\000n\000e}{}% 15
\BOOKMARK [1][]{section.3.1}{\376\377\0003\000.\0001\000\040\000W\000s\000t\001\031\000p}{chapter.3}% 16
\BOOKMARK [1][]{section.3.2}{\376\377\0003\000.\0002\000\040\000P\000r\000z\000e\000g\000l\001\005\000d\000\040\000i\000s\000t\000n\000i\000e\000j\001\005\000c\000y\000c\000h\000\040\000r\000o\000z\000w\000i\001\005\000z\000a\001\104}{chapter.3}% 17
\BOOKMARK [2][]{subsection.3.2.1}{\376\377\0003\000.\0002\000.\0001\000\040\000A\000l\000g\000o\000r\000y\000t\000m\000\040\000A\000p\000r\000i\000o\000r\000i\000\040\000A\000g\000r\000a\000w\000a\000l}{section.3.2}% 18
\BOOKMARK [2][]{subsection.3.2.2}{\376\377\0003\000.\0002\000.\0002\000\040\000A\000l\000g\000o\000r\000y\000t\000m\000\040\000A\000p\000r\000i\000o\000r\000i\000\040\000-\000\040\000i\000m\000p\000l\000e\000m\000e\000n\000t\000a\000c\000j\000a\000\040\000C\000h\000r\000i\000s\000t\000i\000n\000a\000\040\000B\000o\000r\000g\000e\000l\000t\000a\000\040\000B\000o\000r\000g\000e\000l\000t}{section.3.2}% 19
\BOOKMARK [2][]{subsection.3.2.3}{\376\377\0003\000.\0002\000.\0003\000\040\000A\000l\000g\000o\000r\000y\000t\000m\000\040\000A\000p\000r\000i\000o\000r\000i\000\040\000-\000\040\000i\000m\000p\000l\000e\000m\000e\000n\000t\000a\000c\000j\000a\000\040\000F\000e\000r\000e\000n\000c\000a\000\040\000B\000o\000d\000o\000n\000a\000\040\000B\000o\000d\000o\000n}{section.3.2}% 20
\BOOKMARK [2][]{subsection.3.2.4}{\376\377\0003\000.\0002\000.\0004\000\040\000A\000l\000g\000o\000r\000y\000t\000m\000\040\000A\000p\000r\000i\000o\000r\000i\000\040\000-\000\040\000i\000m\000p\000l\000e\000m\000e\000n\000t\000a\000c\000j\000a\000\040\000B\000a\000r\000t\000a\000\040\000G\000o\000e\000t\000h\000a\000l\000s\000a\000\040\000G\000o\000e\000t\000h\000a\000l\000s}{section.3.2}% 21
\BOOKMARK [2][]{subsection.3.2.5}{\376\377\0003\000.\0002\000.\0005\000\040\000C\000o\000m\000m\000o\000n\000\040\000C\000o\000u\000n\000t\000i\000n\000g\000\040\000W\000o\000j\000c\000i\000e\000c\000h\000o\000w\000s\000k\000i\000C\000C}{section.3.2}% 22
\BOOKMARK [2][]{subsection.3.2.6}{\376\377\0003\000.\0002\000.\0006\000\040\000C\000o\000m\000m\000o\000n\000\040\000C\000a\000n\000d\000i\000d\000a\000t\000e\000\040\000T\000r\000e\000e\000\040\000W\000o\000j\000c\000i\000e\000c\000h\000o\000w\000s\000k\000i\000C\000C\000T}{section.3.2}% 23
\BOOKMARK [0][]{chapter.4}{\376\377\0004\000\040\000O\000p\000r\000a\000c\000o\000w\000a\000n\000e\000\040\000a\000l\000g\000o\000r\000y\000t\000m\000y}{}% 24
\BOOKMARK [1][]{section.4.1}{\376\377\0004\000.\0001\000\040\000W\000s\000t\001\031\000p}{chapter.4}% 25
\BOOKMARK [1][]{section.4.2}{\376\377\0004\000.\0002\000\040\000C\000o\000m\000m\000o\000n\000\040\000S\000t\000e\000p\000s}{chapter.4}% 26
\BOOKMARK [0][]{chapter.5}{\376\377\0005\000\040\000W\000y\000n\000i\000k\000i\000\040\000e\000k\000s\000p\000e\000r\000y\000m\000e\000n\000t\000\363\000w}{}% 27
\BOOKMARK [1][]{section.5.1}{\376\377\0005\000.\0001\000\040\000S\0001}{chapter.5}% 28
\BOOKMARK [1][]{section.5.2}{\376\377\0005\000.\0002\000\040\000S\0002}{chapter.5}% 29
\BOOKMARK [0][]{chapter.6}{\376\377\0006\000\040\000W\000n\000i\000o\000s\000k\000i\000\040\000i\000\040\000u\000w\000a\000g\000i}{}% 30
\BOOKMARK [0][]{appendix.A}{\376\377\000A\000\040\000C\000o\000n\000t\000e\000n\000t\000\040\000o\000f\000\040\000t\000h\000e\000\040\000D\000V\000D}{}% 31
